<?xml version="1.0" encoding="UTF-8"?>
<!-- Generated by org.testng.reporters.JUnitXMLReporter -->
<testsuite ignored="0" hostname="AV" failures="0" tests="3" name="Default test" time="0.051" errors="0" timestamp="2024-09-11T16:18:55 EDT">
  <testcase classname="mytests.TestNGFeatures" name="cartTest" time="0.005"/>
  <testcase classname="mytests.TestNGFeatures" name="paymentTest" time="0.001"/>
  <testcase classname="mytests.TestNGFeatures" name="searchTest" time="0.001"/>
</testsuite> <!-- Default test -->
